<?xml version="1.0" encoding="UTF-8"?>
<!-- Generated by org.testng.reporters.JUnitXMLReporter -->
<testsuite hostname="Shivani-PC" ignored="0" name="HomePage" tests="4" failures="0" timestamp="16 Dec 2019 16:46:07 GMT" time="7.167" errors="0">
  <testcase name="@BeforeTest setup" time="7.069" classname="test.LoginTest">
    <failure type="org.openqa.selenium.SessionNotCreatedException" message="session not created: This version of ChromeDriver only supports Chrome version 75
Build info: version: &amp;apos;3.141.59&amp;apos;, revision: &amp;apos;e82be7d358&amp;apos;, time: &amp;apos;2018-11-14T08:25:48&amp;apos;
System info: host: &amp;apos;SHIVANI-PC&amp;apos;, ip: &amp;apos;192.168.0.48&amp;apos;, os.name: &amp;apos;Windows 10&amp;apos;, os.arch: &amp;apos;amd64&amp;apos;, os.version: &amp;apos;10.0&amp;apos;, java.version: &amp;apos;1.8.0_211&amp;apos;
Driver info: driver.version: ChromeDriver
remote stacktrace: Backtrace:
	Ordinal0 [0x00CD1B23+1448739]
	Ordinal0 [0x00C55A11+940561]
	Ordinal0 [0x00BE2293+467603]
	Ordinal0 [0x00B7F27E+62078]
	Ordinal0 [0x00B7BBBD+48061]
	Ordinal0 [0x00B98D19+167193]
	Ordinal0 [0x00B988ED+166125]
	Ordinal0 [0x00B96FFB+159739]
	Ordinal0 [0x00B809F6+68086]
	Ordinal0 [0x00B81990+72080]
	Ordinal0 [0x00B81929+71977]
	GetHandleVerifier [0x00E12E4C+1172140]
	GetHandleVerifier [0x00D6FE35+504469]
	GetHandleVerifier [0x00D6FBD0+503856]
	Ordinal0 [0x00CDC9A8+1493416]
	GetHandleVerifier [0x00D7060A+506474]
	Ordinal0 [0x00C67136+1012022]
	Ordinal0 [0x00C66FAF+1011631]
	Ordinal0 [0x00C7133B+1053499]
	Ordinal0 [0x00C714A3+1053859]
	Ordinal0 [0x00C704D5+1049813]
	BaseThreadInitThunk [0x77160419+25]
	RtlGetAppContainerNamedObjectPath [0x774B662D+237]
	RtlGetAppContainerNamedObjectPath [0x774B65FD+189]
">
      <![CDATA[org.openqa.selenium.SessionNotCreatedException: session not created: This version of ChromeDriver only supports Chrome version 75
Build info: version: '3.141.59', revision: 'e82be7d358', time: '2018-11-14T08:25:48'
System info: host: 'SHIVANI-PC', ip: '192.168.0.48', os.name: 'Windows 10', os.arch: 'amd64', os.version: '10.0', java.version: '1.8.0_211'
Driver info: driver.version: ChromeDriver
remote stacktrace: Backtrace:
Ordinal0 [0x00CD1B23+1448739]
Ordinal0 [0x00C55A11+940561]
Ordinal0 [0x00BE2293+467603]
Ordinal0 [0x00B7F27E+62078]
Ordinal0 [0x00B7BBBD+48061]
Ordinal0 [0x00B98D19+167193]
Ordinal0 [0x00B988ED+166125]
Ordinal0 [0x00B96FFB+159739]
Ordinal0 [0x00B809F6+68086]
Ordinal0 [0x00B81990+72080]
Ordinal0 [0x00B81929+71977]
GetHandleVerifier [0x00E12E4C+1172140]
GetHandleVerifier [0x00D6FE35+504469]
GetHandleVerifier [0x00D6FBD0+503856]
Ordinal0 [0x00CDC9A8+1493416]
GetHandleVerifier [0x00D7060A+506474]
Ordinal0 [0x00C67136+1012022]
Ordinal0 [0x00C66FAF+1011631]
Ordinal0 [0x00C7133B+1053499]
Ordinal0 [0x00C714A3+1053859]
Ordinal0 [0x00C704D5+1049813]
BaseThreadInitThunk [0x77160419+25]
RtlGetAppContainerNamedObjectPath [0x774B662D+237]
RtlGetAppContainerNamedObjectPath [0x774B65FD+189]

at org.openqa.selenium.remote.W3CHandshakeResponse.lambda$errorHandler$0(W3CHandshakeResponse.java:62)
at org.openqa.selenium.remote.HandshakeResponse.lambda$getResponseFunction$0(HandshakeResponse.java:30)
at org.openqa.selenium.remote.ProtocolHandshake.lambda$createSession$0(ProtocolHandshake.java:126)
at java.util.stream.ReferencePipeline$3$1.accept(Unknown Source)
at java.util.Spliterators$ArraySpliterator.tryAdvance(Unknown Source)
at java.util.stream.ReferencePipeline.forEachWithCancel(Unknown Source)
at java.util.stream.AbstractPipeline.copyIntoWithCancel(Unknown Source)
at java.util.stream.AbstractPipeline.copyInto(Unknown Source)
at java.util.stream.AbstractPipeline.wrapAndCopyInto(Unknown Source)
at java.util.stream.FindOps$FindOp.evaluateSequential(Unknown Source)
at java.util.stream.AbstractPipeline.evaluate(Unknown Source)
at java.util.stream.ReferencePipeline.findFirst(Unknown Source)
at org.openqa.selenium.remote.ProtocolHandshake.createSession(ProtocolHandshake.java:128)
at org.openqa.selenium.remote.ProtocolHandshake.createSession(ProtocolHandshake.java:74)
at org.openqa.selenium.remote.HttpCommandExecutor.execute(HttpCommandExecutor.java:136)
at org.openqa.selenium.remote.service.DriverCommandExecutor.execute(DriverCommandExecutor.java:83)
at org.openqa.selenium.remote.RemoteWebDriver.execute(RemoteWebDriver.java:552)
at org.openqa.selenium.remote.RemoteWebDriver.startSession(RemoteWebDriver.java:213)
at org.openqa.selenium.remote.RemoteWebDriver.<init>(RemoteWebDriver.java:131)
at org.openqa.selenium.chrome.ChromeDriver.<init>(ChromeDriver.java:181)
at org.openqa.selenium.chrome.ChromeDriver.<init>(ChromeDriver.java:168)
at org.openqa.selenium.chrome.ChromeDriver.<init>(ChromeDriver.java:123)
at base.Baseclass.intialization(Baseclass.java:38)
at test.LoginTest.setup(LoginTest.java:23)
... Removed 28 stack frames]]>
    </failure>
  </testcase> <!-- @BeforeTest setup -->
  <testcase name="@AfterMethod teardown" time="0.0" classname="test.LoginTest">
    <skipped/>
  </testcase> <!-- @AfterMethod teardown -->
  <testcase name="@BeforeMethod setup" time="0.0" classname="test.PersonalinfoTest">
    <skipped/>
  </testcase> <!-- @BeforeMethod setup -->
  <testcase name="@AfterMethod teardown" time="0.0" classname="test.PersonalinfoTest">
    <skipped/>
  </testcase> <!-- @AfterMethod teardown -->
  <testcase name="@BeforeMethod setup" time="0.0" classname="test.CatlogTest">
    <skipped/>
  </testcase> <!-- @BeforeMethod setup -->
  <testcase name="@AfterMethod teardown" time="0.0" classname="test.CatlogTest">
    <skipped/>
  </testcase> <!-- @AfterMethod teardown -->
  <testcase name="@BeforeMethod setup" time="0.0" classname="test.CheckoutTest">
    <skipped/>
  </testcase> <!-- @BeforeMethod setup -->
  <testcase name="@AfterMethod teardown" time="0.0" classname="test.CheckoutTest">
    <skipped/>
  </testcase> <!-- @AfterMethod teardown -->
  <testcase name="womancolth" time="0.0" classname="test.LoginTest">
    <skipped/>
  </testcase> <!-- womancolth -->
  <testcase name="Resisterforwebsite" time="0.0" classname="test.PersonalinfoTest">
    <skipped/>
  </testcase> <!-- Resisterforwebsite -->
  <testcase name="cartpage" time="0.0" classname="test.CatlogTest">
    <skipped/>
  </testcase> <!-- cartpage -->
  <testcase name="createloginforcheckout" time="0.0" classname="test.CheckoutTest">
    <skipped/>
  </testcase> <!-- createloginforcheckout -->
</testsuite> <!-- HomePage -->
