<?xml version="1.0" encoding="UTF-8"?>
<!-- Generated by org.testng.reporters.JUnitXMLReporter -->
<testsuite hostname="Shivani-PC" ignored="0" name="HomePage(failed)(failed)(failed)(failed)" tests="1" failures="1" timestamp="03 Aug 2019 17:47:54 GMT" time="28.287" errors="0">
  <testcase name="Resisterforwebsite" time="2.79" classname="test.PersonalinfoTest">
    <failure type="org.openqa.selenium.support.ui.UnexpectedTagNameException" message="Element should have been &amp;quot;select&amp;quot; but was &amp;quot;div&amp;quot;
Build info: version: &amp;apos;3.141.59&amp;apos;, revision: &amp;apos;e82be7d358&amp;apos;, time: &amp;apos;2018-11-14T08:25:48&amp;apos;
System info: host: &amp;apos;SHIVANI-PC&amp;apos;, ip: &amp;apos;192.168.0.48&amp;apos;, os.name: &amp;apos;Windows 10&amp;apos;, os.arch: &amp;apos;amd64&amp;apos;, os.version: &amp;apos;10.0&amp;apos;, java.version: &amp;apos;1.8.0_211&amp;apos;
Driver info: driver.version: unknown">
      <![CDATA[org.openqa.selenium.support.ui.UnexpectedTagNameException: Element should have been "select" but was "div"
Build info: version: '3.141.59', revision: 'e82be7d358', time: '2018-11-14T08:25:48'
System info: host: 'SHIVANI-PC', ip: '192.168.0.48', os.name: 'Windows 10', os.arch: 'amd64', os.version: '10.0', java.version: '1.8.0_211'
Driver info: driver.version: unknown
at org.openqa.selenium.support.ui.Select.<init>(Select.java:48)
at pages.Personalinforpage.SelectDate(Personalinforpage.java:74)
at test.PersonalinfoTest.Resisterforwebsite(PersonalinfoTest.java:40)
... Removed 25 stack frames]]>
    </failure>
  </testcase> <!-- Resisterforwebsite -->
</testsuite> <!-- HomePage(failed)(failed)(failed)(failed) -->
